# Logfile created on 2010-10-11 14:33:45 -0400 by logger.rb/25413
REQUESTING PAGE: GET /runs/new with {} and HTTP headers {}
REQUESTING PAGE: GET /runs/new with {} and HTTP headers {}
REQUESTING PAGE: GET /runs/new with {} and HTTP headers {}
REQUESTING PAGE: GET /runs/new with {} and HTTP headers {}
REQUESTING PAGE: GET /runs/new with {} and HTTP headers {}
REQUESTING PAGE: GET /runs/new with {} and HTTP headers {}
REQUESTING PAGE: GET /runs/new with {} and HTTP headers {}
REQUESTING PAGE: GET /runs/new with {} and HTTP headers {}
REQUESTING PAGE: GET /runs/new with {} and HTTP headers {}
REQUESTING PAGE: GET /runs/new with {} and HTTP headers {}
REQUESTING PAGE: GET /runs/new with {} and HTTP headers {}
REQUESTING PAGE: GET /plots/new with {} and HTTP headers {}
REQUESTING PAGE: GET /plots/new with {} and HTTP headers {}
REQUESTING PAGE: GET /runs/new with {} and HTTP headers {}
REQUESTING PAGE: POST /runs with {"utf8"=>"\xE2\x9C\x93", "run"=>{"sample_date(1i)"=>"2010", "sample_date(2i)"=>"5", "sample_date(3i)"=>"4", "start_date(1i)"=>"2010", "start_date(2i)"=>"5", "start_date(3i)"=>"3", "run_date(1i)"=>"2010", "run_date(2i)"=>"5", "run_date(3i)"=>"2", "sample_type_id"=>"1"}, "data"=>{"file"=>#<Rack::Test::UploadedFile:0x0000000473aa60 @content_type="text", @original_filename="new_format_soil_samples_090415.TXT", @tempfile=#<File:/tmp/new_format_soil_samples_090415.TXT20101011-19781-etv0zd>>}, "commit"=>"Upload"} and HTTP headers {"HTTP_REFERER"=>"/runs/new"}
REQUESTING PAGE: GET /runs/new with {} and HTTP headers {}
REQUESTING PAGE: POST /runs with {"utf8"=>"\xE2\x9C\x93", "run"=>{"sample_date(1i)"=>"2010", "sample_date(2i)"=>"10", "sample_date(3i)"=>"11", "start_date(1i)"=>"2010", "start_date(2i)"=>"10", "start_date(3i)"=>"11", "run_date(1i)"=>"2010", "run_date(2i)"=>"10", "run_date(3i)"=>"11", "sample_type_id"=>"1"}, "data"=>{"file"=>""}, "commit"=>"Upload"} and HTTP headers {"HTTP_REFERER"=>"/runs/new"}
REQUESTING PAGE: GET /runs/new with {} and HTTP headers {}
REQUESTING PAGE: POST /runs with {"utf8"=>"\xE2\x9C\x93", "run"=>{"sample_date(1i)"=>"2010", "sample_date(2i)"=>"6", "sample_date(3i)"=>"25", "start_date(1i)"=>"2010", "start_date(2i)"=>"6", "start_date(3i)"=>"25", "run_date(1i)"=>"2010", "run_date(2i)"=>"6", "run_date(3i)"=>"25", "sample_type_id"=>"1"}, "data"=>{"file"=>#<Rack::Test::UploadedFile:0x00000003adab30 @content_type="text", @original_filename="blank.txt", @tempfile=#<File:/tmp/blank.txt20101011-19781-7i54jw>>}, "commit"=>"Upload"} and HTTP headers {"HTTP_REFERER"=>"/runs/new"}
REQUESTING PAGE: GET /runs/new with {} and HTTP headers {}
REQUESTING PAGE: GET /runs/new with {} and HTTP headers {}
REQUESTING PAGE: POST /runs with {"utf8"=>"\xE2\x9C\x93", "run"=>{"sample_date(1i)"=>"2010", "sample_date(2i)"=>"6", "sample_date(3i)"=>"25", "start_date(1i)"=>"2010", "start_date(2i)"=>"6", "start_date(3i)"=>"25", "run_date(1i)"=>"2010", "run_date(2i)"=>"6", "run_date(3i)"=>"25", "sample_type_id"=>"2"}, "data"=>{"file"=>#<Rack::Test::UploadedFile:0x00000004de1030 @content_type="text", @original_filename="new_format_soil_samples_090415.TXT", @tempfile=#<File:/tmp/new_format_soil_samples_090415.TXT20101011-19781-a08d9b>>}, "commit"=>"Upload"} and HTTP headers {"HTTP_REFERER"=>"/runs/new"}
REQUESTING PAGE: GET /runs/new with {} and HTTP headers {}
REQUESTING PAGE: POST /runs with {"utf8"=>"\xE2\x9C\x93", "run"=>{"sample_date(1i)"=>"2010", "sample_date(2i)"=>"6", "sample_date(3i)"=>"25", "start_date(1i)"=>"2010", "start_date(2i)"=>"6", "start_date(3i)"=>"25", "run_date(1i)"=>"2010", "run_date(2i)"=>"6", "run_date(3i)"=>"25", "sample_type_id"=>"4"}, "data"=>{"file"=>#<Rack::Test::UploadedFile:0x00000004e4b250 @content_type="text", @original_filename="GLBRC_deep_core_1106R4R5.TXT", @tempfile=#<File:/tmp/GLBRC_deep_core_1106R4R5.TXT20101011-19781-1sh8p3k>>}, "commit"=>"Upload"} and HTTP headers {"HTTP_REFERER"=>"/runs/new"}
REQUESTING PAGE: GET /runs/new with {} and HTTP headers {}
REQUESTING PAGE: POST /runs with {"utf8"=>"\xE2\x9C\x93", "run"=>{"sample_date(1i)"=>"2010", "sample_date(2i)"=>"6", "sample_date(3i)"=>"25", "start_date(1i)"=>"2010", "start_date(2i)"=>"6", "start_date(3i)"=>"25", "run_date(1i)"=>"2010", "run_date(2i)"=>"6", "run_date(3i)"=>"25", "sample_type_id"=>"5"}, "data"=>{"file"=>#<Rack::Test::UploadedFile:0x0000000554f4c0 @content_type="text", @original_filename="new_format_soil_samples_090415.TXT", @tempfile=#<File:/tmp/new_format_soil_samples_090415.TXT20101011-19781-k5crnj>>}, "commit"=>"Upload"} and HTTP headers {"HTTP_REFERER"=>"/runs/new"}
REQUESTING PAGE: GET /runs/new with {} and HTTP headers {}
REQUESTING PAGE: POST /runs with {"utf8"=>"\xE2\x9C\x93", "run"=>{"sample_date(1i)"=>"2010", "sample_date(2i)"=>"6", "sample_date(3i)"=>"25", "start_date(1i)"=>"2010", "start_date(2i)"=>"6", "start_date(3i)"=>"25", "run_date(1i)"=>"2010", "run_date(2i)"=>"6", "run_date(3i)"=>"25", "sample_type_id"=>"8"}, "data"=>{"file"=>#<Rack::Test::UploadedFile:0x000000015d6de8 @content_type="text", @original_filename="glbrc_soil_sample_new_format.txt", @tempfile=#<File:/tmp/glbrc_soil_sample_new_format.txt20101011-19781-odh07q>>}, "commit"=>"Upload"} and HTTP headers {"HTTP_REFERER"=>"/runs/new"}
REQUESTING PAGE: GET /runs/new with {} and HTTP headers {}
REQUESTING PAGE: POST /runs with {"utf8"=>"\xE2\x9C\x93", "run"=>{"sample_date(1i)"=>"2010", "sample_date(2i)"=>"6", "sample_date(3i)"=>"25", "start_date(1i)"=>"2010", "start_date(2i)"=>"6", "start_date(3i)"=>"25", "run_date(1i)"=>"2010", "run_date(2i)"=>"6", "run_date(3i)"=>"25", "sample_type_id"=>"8"}, "data"=>{"file"=>#<Rack::Test::UploadedFile:0x00000001a3eca0 @content_type="text", @original_filename="100419L.TXT", @tempfile=#<File:/tmp/100419L.TXT20101011-19781-eh4ic3>>}, "commit"=>"Upload"} and HTTP headers {"HTTP_REFERER"=>"/runs/new"}
REQUESTING PAGE: GET /runs/new with {} and HTTP headers {}
REQUESTING PAGE: POST /runs with {"utf8"=>"\xE2\x9C\x93", "run"=>{"sample_date(1i)"=>"2010", "sample_date(2i)"=>"6", "sample_date(3i)"=>"25", "start_date(1i)"=>"2010", "start_date(2i)"=>"6", "start_date(3i)"=>"25", "run_date(1i)"=>"2010", "run_date(2i)"=>"6", "run_date(3i)"=>"25", "sample_type_id"=>"6"}, "data"=>{"file"=>#<Rack::Test::UploadedFile:0x00000004e35400 @content_type="text", @original_filename="DC01CFR1.csv", @tempfile=#<File:/tmp/DC01CFR1.csv20101011-19781-qjwbfz>>}, "commit"=>"Upload"} and HTTP headers {"HTTP_REFERER"=>"/runs/new"}
REQUESTING PAGE: GET /runs/new with {} and HTTP headers {}
REQUESTING PAGE: POST /runs with {"utf8"=>"\xE2\x9C\x93", "run"=>{"sample_date(1i)"=>"2010", "sample_date(2i)"=>"6", "sample_date(3i)"=>"25", "start_date(1i)"=>"2010", "start_date(2i)"=>"6", "start_date(3i)"=>"25", "run_date(1i)"=>"2010", "run_date(2i)"=>"6", "run_date(3i)"=>"25", "sample_type_id"=>"7"}, "data"=>{"file"=>#<Rack::Test::UploadedFile:0x000000054b1b58 @content_type="text", @original_filename="GLBRC_CN_deepcore.csv", @tempfile=#<File:/tmp/GLBRC_CN_deepcore.csv20101011-19781-1publxf>>}, "commit"=>"Upload"} and HTTP headers {"HTTP_REFERER"=>"/runs/new"}
REQUESTING PAGE: GET /plots/new with {} and HTTP headers {}
REQUESTING PAGE: POST /plots/create_plots with {"utf8"=>"\xE2\x9C\x93", "study_name"=>"Junipers", "prefix"=>"J", "number_of_treatments"=>"10", "replicate_prefix"=>"S", "number_of_replicates"=>"3", "commit"=>"Submit"} and HTTP headers {"HTTP_REFERER"=>"/plots/new"}
REQUESTING PAGE: GET /plots/new with {} and HTTP headers {}
REQUESTING PAGE: POST /plots/create_plots with {"utf8"=>"\xE2\x9C\x93", "study_name"=>"Junipers", "prefix"=>"J", "number_of_treatments"=>"10", "replicate_prefix"=>"S", "number_of_replicates"=>"3", "commit"=>"Submit"} and HTTP headers {"HTTP_REFERER"=>"/plots/new"}
REQUESTING PAGE: GET /plots with {} and HTTP headers {"HTTP_REFERER"=>"/plots/create_plots"}
REQUESTING PAGE: GET /plots/1 with {} and HTTP headers {"HTTP_REFERER"=>"/plots"}
REQUESTING PAGE: GET /runs/new with {} and HTTP headers {}
REQUESTING PAGE: POST /runs with {"utf8"=>"\xE2\x9C\x93", "run"=>{"sample_date(1i)"=>"2010", "sample_date(2i)"=>"5", "sample_date(3i)"=>"4", "start_date(1i)"=>"2010", "start_date(2i)"=>"5", "start_date(3i)"=>"3", "run_date(1i)"=>"2010", "run_date(2i)"=>"5", "run_date(3i)"=>"2", "sample_type_id"=>"1"}, "data"=>{"file"=>#<Rack::Test::UploadedFile:0x000000047387d8 @content_type="text", @original_filename="new_format_soil_samples_090415.TXT", @tempfile=#<File:/tmp/new_format_soil_samples_090415.TXT20101011-19850-18sfpng>>}, "commit"=>"Upload"} and HTTP headers {"HTTP_REFERER"=>"/runs/new"}
REQUESTING PAGE: GET /runs/new with {} and HTTP headers {}
REQUESTING PAGE: POST /runs with {"utf8"=>"\xE2\x9C\x93", "run"=>{"sample_date(1i)"=>"2010", "sample_date(2i)"=>"10", "sample_date(3i)"=>"11", "start_date(1i)"=>"2010", "start_date(2i)"=>"10", "start_date(3i)"=>"11", "run_date(1i)"=>"2010", "run_date(2i)"=>"10", "run_date(3i)"=>"11", "sample_type_id"=>"1"}, "data"=>{"file"=>""}, "commit"=>"Upload"} and HTTP headers {"HTTP_REFERER"=>"/runs/new"}
REQUESTING PAGE: GET /runs/new with {} and HTTP headers {}
REQUESTING PAGE: POST /runs with {"utf8"=>"\xE2\x9C\x93", "run"=>{"sample_date(1i)"=>"2010", "sample_date(2i)"=>"6", "sample_date(3i)"=>"25", "start_date(1i)"=>"2010", "start_date(2i)"=>"6", "start_date(3i)"=>"25", "run_date(1i)"=>"2010", "run_date(2i)"=>"6", "run_date(3i)"=>"25", "sample_type_id"=>"1"}, "data"=>{"file"=>#<Rack::Test::UploadedFile:0x000000032de580 @content_type="text", @original_filename="blank.txt", @tempfile=#<File:/tmp/blank.txt20101011-19850-15bskwi>>}, "commit"=>"Upload"} and HTTP headers {"HTTP_REFERER"=>"/runs/new"}
REQUESTING PAGE: GET /runs/new with {} and HTTP headers {}
REQUESTING PAGE: GET /runs/new with {} and HTTP headers {}
REQUESTING PAGE: POST /runs with {"utf8"=>"\xE2\x9C\x93", "run"=>{"sample_date(1i)"=>"2010", "sample_date(2i)"=>"6", "sample_date(3i)"=>"25", "start_date(1i)"=>"2010", "start_date(2i)"=>"6", "start_date(3i)"=>"25", "run_date(1i)"=>"2010", "run_date(2i)"=>"6", "run_date(3i)"=>"25", "sample_type_id"=>"2"}, "data"=>{"file"=>#<Rack::Test::UploadedFile:0x000000046f5b68 @content_type="text", @original_filename="new_format_soil_samples_090415.TXT", @tempfile=#<File:/tmp/new_format_soil_samples_090415.TXT20101011-19850-xgjppk>>}, "commit"=>"Upload"} and HTTP headers {"HTTP_REFERER"=>"/runs/new"}
REQUESTING PAGE: GET /runs/new with {} and HTTP headers {}
REQUESTING PAGE: POST /runs with {"utf8"=>"\xE2\x9C\x93", "run"=>{"sample_date(1i)"=>"2010", "sample_date(2i)"=>"6", "sample_date(3i)"=>"25", "start_date(1i)"=>"2010", "start_date(2i)"=>"6", "start_date(3i)"=>"25", "run_date(1i)"=>"2010", "run_date(2i)"=>"6", "run_date(3i)"=>"25", "sample_type_id"=>"4"}, "data"=>{"file"=>#<Rack::Test::UploadedFile:0x00000004741e28 @content_type="text", @original_filename="GLBRC_deep_core_1106R4R5.TXT", @tempfile=#<File:/tmp/GLBRC_deep_core_1106R4R5.TXT20101011-19850-q6po2z>>}, "commit"=>"Upload"} and HTTP headers {"HTTP_REFERER"=>"/runs/new"}
REQUESTING PAGE: GET /runs/new with {} and HTTP headers {}
REQUESTING PAGE: POST /runs with {"utf8"=>"\xE2\x9C\x93", "run"=>{"sample_date(1i)"=>"2010", "sample_date(2i)"=>"6", "sample_date(3i)"=>"25", "start_date(1i)"=>"2010", "start_date(2i)"=>"6", "start_date(3i)"=>"25", "run_date(1i)"=>"2010", "run_date(2i)"=>"6", "run_date(3i)"=>"25", "sample_type_id"=>"5"}, "data"=>{"file"=>#<Rack::Test::UploadedFile:0x00000004e72850 @content_type="text", @original_filename="new_format_soil_samples_090415.TXT", @tempfile=#<File:/tmp/new_format_soil_samples_090415.TXT20101011-19850-91tpd9>>}, "commit"=>"Upload"} and HTTP headers {"HTTP_REFERER"=>"/runs/new"}
REQUESTING PAGE: GET /runs/new with {} and HTTP headers {}
REQUESTING PAGE: POST /runs with {"utf8"=>"\xE2\x9C\x93", "run"=>{"sample_date(1i)"=>"2010", "sample_date(2i)"=>"6", "sample_date(3i)"=>"25", "start_date(1i)"=>"2010", "start_date(2i)"=>"6", "start_date(3i)"=>"25", "run_date(1i)"=>"2010", "run_date(2i)"=>"6", "run_date(3i)"=>"25", "sample_type_id"=>"8"}, "data"=>{"file"=>#<Rack::Test::UploadedFile:0x000000032dd3d8 @content_type="text", @original_filename="glbrc_soil_sample_new_format.txt", @tempfile=#<File:/tmp/glbrc_soil_sample_new_format.txt20101011-19850-1wzq0ns>>}, "commit"=>"Upload"} and HTTP headers {"HTTP_REFERER"=>"/runs/new"}
REQUESTING PAGE: GET /runs/new with {} and HTTP headers {}
REQUESTING PAGE: POST /runs with {"utf8"=>"\xE2\x9C\x93", "run"=>{"sample_date(1i)"=>"2010", "sample_date(2i)"=>"6", "sample_date(3i)"=>"25", "start_date(1i)"=>"2010", "start_date(2i)"=>"6", "start_date(3i)"=>"25", "run_date(1i)"=>"2010", "run_date(2i)"=>"6", "run_date(3i)"=>"25", "sample_type_id"=>"8"}, "data"=>{"file"=>#<Rack::Test::UploadedFile:0x000000013c1990 @content_type="text", @original_filename="100419L.TXT", @tempfile=#<File:/tmp/100419L.TXT20101011-19850-1afpuml>>}, "commit"=>"Upload"} and HTTP headers {"HTTP_REFERER"=>"/runs/new"}
REQUESTING PAGE: GET /runs/new with {} and HTTP headers {}
REQUESTING PAGE: POST /runs with {"utf8"=>"\xE2\x9C\x93", "run"=>{"sample_date(1i)"=>"2010", "sample_date(2i)"=>"6", "sample_date(3i)"=>"25", "start_date(1i)"=>"2010", "start_date(2i)"=>"6", "start_date(3i)"=>"25", "run_date(1i)"=>"2010", "run_date(2i)"=>"6", "run_date(3i)"=>"25", "sample_type_id"=>"6"}, "data"=>{"file"=>#<Rack::Test::UploadedFile:0x000000047123d0 @content_type="text", @original_filename="DC01CFR1.csv", @tempfile=#<File:/tmp/DC01CFR1.csv20101011-19850-905aac>>}, "commit"=>"Upload"} and HTTP headers {"HTTP_REFERER"=>"/runs/new"}
REQUESTING PAGE: GET /runs/new with {} and HTTP headers {}
REQUESTING PAGE: POST /runs with {"utf8"=>"\xE2\x9C\x93", "run"=>{"sample_date(1i)"=>"2010", "sample_date(2i)"=>"6", "sample_date(3i)"=>"25", "start_date(1i)"=>"2010", "start_date(2i)"=>"6", "start_date(3i)"=>"25", "run_date(1i)"=>"2010", "run_date(2i)"=>"6", "run_date(3i)"=>"25", "sample_type_id"=>"7"}, "data"=>{"file"=>#<Rack::Test::UploadedFile:0x0000000481b970 @content_type="text", @original_filename="GLBRC_CN_deepcore.csv", @tempfile=#<File:/tmp/GLBRC_CN_deepcore.csv20101011-19850-1wi0dh7>>}, "commit"=>"Upload"} and HTTP headers {"HTTP_REFERER"=>"/runs/new"}
REQUESTING PAGE: GET /plots/new with {} and HTTP headers {}
REQUESTING PAGE: POST /plots/create_plots with {"utf8"=>"\xE2\x9C\x93", "study_name"=>"Junipers", "prefix"=>"J", "number_of_treatments"=>"10", "replicate_prefix"=>"S", "number_of_replicates"=>"3", "commit"=>"Submit"} and HTTP headers {"HTTP_REFERER"=>"/plots/new"}
REQUESTING PAGE: GET /plots/new with {} and HTTP headers {}
REQUESTING PAGE: POST /plots/create_plots with {"utf8"=>"\xE2\x9C\x93", "study_name"=>"Junipers", "prefix"=>"J", "number_of_treatments"=>"10", "replicate_prefix"=>"S", "number_of_replicates"=>"3", "commit"=>"Submit"} and HTTP headers {"HTTP_REFERER"=>"/plots/new"}
REQUESTING PAGE: GET /plots with {} and HTTP headers {"HTTP_REFERER"=>"/plots/create_plots"}
REQUESTING PAGE: GET /plots/1 with {} and HTTP headers {"HTTP_REFERER"=>"/plots"}
REQUESTING PAGE: GET /runs/new with {} and HTTP headers {}
REQUESTING PAGE: POST /runs with {"utf8"=>"\xE2\x9C\x93", "run"=>{"sample_date(1i)"=>"2010", "sample_date(2i)"=>"5", "sample_date(3i)"=>"4", "start_date(1i)"=>"2010", "start_date(2i)"=>"5", "start_date(3i)"=>"3", "run_date(1i)"=>"2010", "run_date(2i)"=>"5", "run_date(3i)"=>"2", "sample_type_id"=>"1"}, "data"=>{"file"=>#<Rack::Test::UploadedFile:0x0000000551cd90 @content_type="text", @original_filename="new_format_soil_samples_090415.TXT", @tempfile=#<File:/tmp/new_format_soil_samples_090415.TXT20101011-19898-1l69xlc>>}, "commit"=>"Upload"} and HTTP headers {"HTTP_REFERER"=>"/runs/new"}
REQUESTING PAGE: GET /runs/new with {} and HTTP headers {}
REQUESTING PAGE: POST /runs with {"utf8"=>"\xE2\x9C\x93", "run"=>{"sample_date(1i)"=>"2010", "sample_date(2i)"=>"10", "sample_date(3i)"=>"11", "start_date(1i)"=>"2010", "start_date(2i)"=>"10", "start_date(3i)"=>"11", "run_date(1i)"=>"2010", "run_date(2i)"=>"10", "run_date(3i)"=>"11", "sample_type_id"=>"1"}, "data"=>{"file"=>""}, "commit"=>"Upload"} and HTTP headers {"HTTP_REFERER"=>"/runs/new"}
REQUESTING PAGE: GET /runs/new with {} and HTTP headers {}
REQUESTING PAGE: POST /runs with {"utf8"=>"\xE2\x9C\x93", "run"=>{"sample_date(1i)"=>"2010", "sample_date(2i)"=>"6", "sample_date(3i)"=>"25", "start_date(1i)"=>"2010", "start_date(2i)"=>"6", "start_date(3i)"=>"25", "run_date(1i)"=>"2010", "run_date(2i)"=>"6", "run_date(3i)"=>"25", "sample_type_id"=>"1"}, "data"=>{"file"=>#<Rack::Test::UploadedFile:0x000000041f0938 @content_type="text", @original_filename="blank.txt", @tempfile=#<File:/tmp/blank.txt20101011-19898-uwbzf4>>}, "commit"=>"Upload"} and HTTP headers {"HTTP_REFERER"=>"/runs/new"}
REQUESTING PAGE: GET /runs/new with {} and HTTP headers {}
REQUESTING PAGE: GET /runs/new with {} and HTTP headers {}
REQUESTING PAGE: POST /runs with {"utf8"=>"\xE2\x9C\x93", "run"=>{"sample_date(1i)"=>"2010", "sample_date(2i)"=>"6", "sample_date(3i)"=>"25", "start_date(1i)"=>"2010", "start_date(2i)"=>"6", "start_date(3i)"=>"25", "run_date(1i)"=>"2010", "run_date(2i)"=>"6", "run_date(3i)"=>"25", "sample_type_id"=>"2"}, "data"=>{"file"=>#<Rack::Test::UploadedFile:0x000000054fe138 @content_type="text", @original_filename="new_format_soil_samples_090415.TXT", @tempfile=#<File:/tmp/new_format_soil_samples_090415.TXT20101011-19898-1j0m86u>>}, "commit"=>"Upload"} and HTTP headers {"HTTP_REFERER"=>"/runs/new"}
REQUESTING PAGE: GET /runs/new with {} and HTTP headers {}
REQUESTING PAGE: POST /runs with {"utf8"=>"\xE2\x9C\x93", "run"=>{"sample_date(1i)"=>"2010", "sample_date(2i)"=>"6", "sample_date(3i)"=>"25", "start_date(1i)"=>"2010", "start_date(2i)"=>"6", "start_date(3i)"=>"25", "run_date(1i)"=>"2010", "run_date(2i)"=>"6", "run_date(3i)"=>"25", "sample_type_id"=>"4"}, "data"=>{"file"=>#<Rack::Test::UploadedFile:0x00000005569f50 @content_type="text", @original_filename="GLBRC_deep_core_1106R4R5.TXT", @tempfile=#<File:/tmp/GLBRC_deep_core_1106R4R5.TXT20101011-19898-2d627m>>}, "commit"=>"Upload"} and HTTP headers {"HTTP_REFERER"=>"/runs/new"}
REQUESTING PAGE: GET /runs/new with {} and HTTP headers {}
REQUESTING PAGE: POST /runs with {"utf8"=>"\xE2\x9C\x93", "run"=>{"sample_date(1i)"=>"2010", "sample_date(2i)"=>"6", "sample_date(3i)"=>"25", "start_date(1i)"=>"2010", "start_date(2i)"=>"6", "start_date(3i)"=>"25", "run_date(1i)"=>"2010", "run_date(2i)"=>"6", "run_date(3i)"=>"25", "sample_type_id"=>"5"}, "data"=>{"file"=>#<Rack::Test::UploadedFile:0x00000005c6b470 @content_type="text", @original_filename="new_format_soil_samples_090415.TXT", @tempfile=#<File:/tmp/new_format_soil_samples_090415.TXT20101011-19898-dsu4lu>>}, "commit"=>"Upload"} and HTTP headers {"HTTP_REFERER"=>"/runs/new"}
REQUESTING PAGE: GET /runs/new with {} and HTTP headers {}
REQUESTING PAGE: POST /runs with {"utf8"=>"\xE2\x9C\x93", "run"=>{"sample_date(1i)"=>"2010", "sample_date(2i)"=>"6", "sample_date(3i)"=>"25", "start_date(1i)"=>"2010", "start_date(2i)"=>"6", "start_date(3i)"=>"25", "run_date(1i)"=>"2010", "run_date(2i)"=>"6", "run_date(3i)"=>"25", "sample_type_id"=>"8"}, "data"=>{"file"=>#<Rack::Test::UploadedFile:0x00000003d86640 @content_type="text", @original_filename="glbrc_soil_sample_new_format.txt", @tempfile=#<File:/tmp/glbrc_soil_sample_new_format.txt20101011-19898-9jbz4p>>}, "commit"=>"Upload"} and HTTP headers {"HTTP_REFERER"=>"/runs/new"}
REQUESTING PAGE: GET /runs/new with {} and HTTP headers {}
REQUESTING PAGE: POST /runs with {"utf8"=>"\xE2\x9C\x93", "run"=>{"sample_date(1i)"=>"2010", "sample_date(2i)"=>"6", "sample_date(3i)"=>"25", "start_date(1i)"=>"2010", "start_date(2i)"=>"6", "start_date(3i)"=>"25", "run_date(1i)"=>"2010", "run_date(2i)"=>"6", "run_date(3i)"=>"25", "sample_type_id"=>"8"}, "data"=>{"file"=>#<Rack::Test::UploadedFile:0x000000020b3298 @content_type="text", @original_filename="100419L.TXT", @tempfile=#<File:/tmp/100419L.TXT20101011-19898-f4rmr8>>}, "commit"=>"Upload"} and HTTP headers {"HTTP_REFERER"=>"/runs/new"}
REQUESTING PAGE: GET /runs/new with {} and HTTP headers {}
REQUESTING PAGE: POST /runs with {"utf8"=>"\xE2\x9C\x93", "run"=>{"sample_date(1i)"=>"2010", "sample_date(2i)"=>"6", "sample_date(3i)"=>"25", "start_date(1i)"=>"2010", "start_date(2i)"=>"6", "start_date(3i)"=>"25", "run_date(1i)"=>"2010", "run_date(2i)"=>"6", "run_date(3i)"=>"25", "sample_type_id"=>"6"}, "data"=>{"file"=>#<Rack::Test::UploadedFile:0x000000055518b0 @content_type="text", @original_filename="DC01CFR1.csv", @tempfile=#<File:/tmp/DC01CFR1.csv20101011-19898-19u44as>>}, "commit"=>"Upload"} and HTTP headers {"HTTP_REFERER"=>"/runs/new"}
REQUESTING PAGE: GET /runs/new with {} and HTTP headers {}
REQUESTING PAGE: POST /runs with {"utf8"=>"\xE2\x9C\x93", "run"=>{"sample_date(1i)"=>"2010", "sample_date(2i)"=>"6", "sample_date(3i)"=>"25", "start_date(1i)"=>"2010", "start_date(2i)"=>"6", "start_date(3i)"=>"25", "run_date(1i)"=>"2010", "run_date(2i)"=>"6", "run_date(3i)"=>"25", "sample_type_id"=>"7"}, "data"=>{"file"=>#<Rack::Test::UploadedFile:0x00000005be1978 @content_type="text", @original_filename="GLBRC_CN_deepcore.csv", @tempfile=#<File:/tmp/GLBRC_CN_deepcore.csv20101011-19898-7zj1tz>>}, "commit"=>"Upload"} and HTTP headers {"HTTP_REFERER"=>"/runs/new"}
REQUESTING PAGE: GET /plots/new with {} and HTTP headers {}
REQUESTING PAGE: POST /plots/create_plots with {"utf8"=>"\xE2\x9C\x93", "study_name"=>"Junipers", "prefix"=>"J", "number_of_treatments"=>"10", "replicate_prefix"=>"S", "number_of_replicates"=>"3", "commit"=>"Submit"} and HTTP headers {"HTTP_REFERER"=>"/plots/new"}
REQUESTING PAGE: GET /plots/new with {} and HTTP headers {}
REQUESTING PAGE: POST /plots/create_plots with {"utf8"=>"\xE2\x9C\x93", "study_name"=>"Junipers", "prefix"=>"J", "number_of_treatments"=>"10", "replicate_prefix"=>"S", "number_of_replicates"=>"3", "commit"=>"Submit"} and HTTP headers {"HTTP_REFERER"=>"/plots/new"}
REQUESTING PAGE: GET /plots with {} and HTTP headers {"HTTP_REFERER"=>"/plots/create_plots"}
REQUESTING PAGE: GET /plots/1 with {} and HTTP headers {"HTTP_REFERER"=>"/plots"}
REQUESTING PAGE: GET /runs/new with {} and HTTP headers {}
REQUESTING PAGE: POST /runs with {"utf8"=>"\xE2\x9C\x93", "run"=>{"sample_date(1i)"=>"2010", "sample_date(2i)"=>"5", "sample_date(3i)"=>"4", "start_date(1i)"=>"2010", "start_date(2i)"=>"5", "start_date(3i)"=>"3", "run_date(1i)"=>"2010", "run_date(2i)"=>"5", "run_date(3i)"=>"2", "sample_type_id"=>"1"}, "data"=>{"file"=>#<Rack::Test::UploadedFile:0x0000000473ad80 @content_type="text", @original_filename="new_format_soil_samples_090415.TXT", @tempfile=#<File:/tmp/new_format_soil_samples_090415.TXT20101011-19958-4yj1ti>>}, "commit"=>"Upload"} and HTTP headers {"HTTP_REFERER"=>"/runs/new"}
REQUESTING PAGE: GET /runs/new with {} and HTTP headers {}
REQUESTING PAGE: POST /runs with {"utf8"=>"\xE2\x9C\x93", "run"=>{"sample_date(1i)"=>"2010", "sample_date(2i)"=>"10", "sample_date(3i)"=>"11", "start_date(1i)"=>"2010", "start_date(2i)"=>"10", "start_date(3i)"=>"11", "run_date(1i)"=>"2010", "run_date(2i)"=>"10", "run_date(3i)"=>"11", "sample_type_id"=>"1"}, "data"=>{"file"=>""}, "commit"=>"Upload"} and HTTP headers {"HTTP_REFERER"=>"/runs/new"}
REQUESTING PAGE: GET /runs/new with {} and HTTP headers {}
REQUESTING PAGE: POST /runs with {"utf8"=>"\xE2\x9C\x93", "run"=>{"sample_date(1i)"=>"2010", "sample_date(2i)"=>"6", "sample_date(3i)"=>"25", "start_date(1i)"=>"2010", "start_date(2i)"=>"6", "start_date(3i)"=>"25", "run_date(1i)"=>"2010", "run_date(2i)"=>"6", "run_date(3i)"=>"25", "sample_type_id"=>"1"}, "data"=>{"file"=>#<Rack::Test::UploadedFile:0x000000030c8250 @content_type="text", @original_filename="blank.txt", @tempfile=#<File:/tmp/blank.txt20101011-19958-yvfq7b>>}, "commit"=>"Upload"} and HTTP headers {"HTTP_REFERER"=>"/runs/new"}
REQUESTING PAGE: GET /runs/new with {} and HTTP headers {}
REQUESTING PAGE: GET /runs/new with {} and HTTP headers {}
REQUESTING PAGE: POST /runs with {"utf8"=>"\xE2\x9C\x93", "run"=>{"sample_date(1i)"=>"2010", "sample_date(2i)"=>"6", "sample_date(3i)"=>"25", "start_date(1i)"=>"2010", "start_date(2i)"=>"6", "start_date(3i)"=>"25", "run_date(1i)"=>"2010", "run_date(2i)"=>"6", "run_date(3i)"=>"25", "sample_type_id"=>"2"}, "data"=>{"file"=>#<Rack::Test::UploadedFile:0x000000045c3880 @content_type="text", @original_filename="new_format_soil_samples_090415.TXT", @tempfile=#<File:/tmp/new_format_soil_samples_090415.TXT20101011-19958-yf0qvx>>}, "commit"=>"Upload"} and HTTP headers {"HTTP_REFERER"=>"/runs/new"}
REQUESTING PAGE: GET /runs/new with {} and HTTP headers {}
REQUESTING PAGE: POST /runs with {"utf8"=>"\xE2\x9C\x93", "run"=>{"sample_date(1i)"=>"2010", "sample_date(2i)"=>"6", "sample_date(3i)"=>"25", "start_date(1i)"=>"2010", "start_date(2i)"=>"6", "start_date(3i)"=>"25", "run_date(1i)"=>"2010", "run_date(2i)"=>"6", "run_date(3i)"=>"25", "sample_type_id"=>"4"}, "data"=>{"file"=>#<Rack::Test::UploadedFile:0x000000039998e8 @content_type="text", @original_filename="GLBRC_deep_core_1106R4R5.TXT", @tempfile=#<File:/tmp/GLBRC_deep_core_1106R4R5.TXT20101011-19958-1ycjpa6>>}, "commit"=>"Upload"} and HTTP headers {"HTTP_REFERER"=>"/runs/new"}
REQUESTING PAGE: GET /runs/new with {} and HTTP headers {}
REQUESTING PAGE: POST /runs with {"utf8"=>"\xE2\x9C\x93", "run"=>{"sample_date(1i)"=>"2010", "sample_date(2i)"=>"6", "sample_date(3i)"=>"25", "start_date(1i)"=>"2010", "start_date(2i)"=>"6", "start_date(3i)"=>"25", "run_date(1i)"=>"2010", "run_date(2i)"=>"6", "run_date(3i)"=>"25", "sample_type_id"=>"5"}, "data"=>{"file"=>#<Rack::Test::UploadedFile:0x00000004da2fb0 @content_type="text", @original_filename="new_format_soil_samples_090415.TXT", @tempfile=#<File:/tmp/new_format_soil_samples_090415.TXT20101011-19958-1jb6itz>>}, "commit"=>"Upload"} and HTTP headers {"HTTP_REFERER"=>"/runs/new"}
REQUESTING PAGE: GET /runs/new with {} and HTTP headers {}
REQUESTING PAGE: POST /runs with {"utf8"=>"\xE2\x9C\x93", "run"=>{"sample_date(1i)"=>"2010", "sample_date(2i)"=>"6", "sample_date(3i)"=>"25", "start_date(1i)"=>"2010", "start_date(2i)"=>"6", "start_date(3i)"=>"25", "run_date(1i)"=>"2010", "run_date(2i)"=>"6", "run_date(3i)"=>"25", "sample_type_id"=>"8"}, "data"=>{"file"=>#<Rack::Test::UploadedFile:0x00000004e20578 @content_type="text", @original_filename="glbrc_soil_sample_new_format.txt", @tempfile=#<File:/tmp/glbrc_soil_sample_new_format.txt20101011-19958-1ayxm8r>>}, "commit"=>"Upload"} and HTTP headers {"HTTP_REFERER"=>"/runs/new"}
REQUESTING PAGE: GET /runs/new with {} and HTTP headers {}
REQUESTING PAGE: POST /runs with {"utf8"=>"\xE2\x9C\x93", "run"=>{"sample_date(1i)"=>"2010", "sample_date(2i)"=>"6", "sample_date(3i)"=>"25", "start_date(1i)"=>"2010", "start_date(2i)"=>"6", "start_date(3i)"=>"25", "run_date(1i)"=>"2010", "run_date(2i)"=>"6", "run_date(3i)"=>"25", "sample_type_id"=>"8"}, "data"=>{"file"=>#<Rack::Test::UploadedFile:0x00000001bee2f8 @content_type="text", @original_filename="100419L.TXT", @tempfile=#<File:/tmp/100419L.TXT20101011-19958-1hc2tv0>>}, "commit"=>"Upload"} and HTTP headers {"HTTP_REFERER"=>"/runs/new"}
REQUESTING PAGE: GET /runs/new with {} and HTTP headers {}
REQUESTING PAGE: POST /runs with {"utf8"=>"\xE2\x9C\x93", "run"=>{"sample_date(1i)"=>"2010", "sample_date(2i)"=>"6", "sample_date(3i)"=>"25", "start_date(1i)"=>"2010", "start_date(2i)"=>"6", "start_date(3i)"=>"25", "run_date(1i)"=>"2010", "run_date(2i)"=>"6", "run_date(3i)"=>"25", "sample_type_id"=>"6"}, "data"=>{"file"=>#<Rack::Test::UploadedFile:0x000000039cd710 @content_type="text", @original_filename="DC01CFR1.csv", @tempfile=#<File:/tmp/DC01CFR1.csv20101011-19958-1jm6um1>>}, "commit"=>"Upload"} and HTTP headers {"HTTP_REFERER"=>"/runs/new"}
REQUESTING PAGE: GET /runs/new with {} and HTTP headers {}
REQUESTING PAGE: POST /runs with {"utf8"=>"\xE2\x9C\x93", "run"=>{"sample_date(1i)"=>"2010", "sample_date(2i)"=>"6", "sample_date(3i)"=>"25", "start_date(1i)"=>"2010", "start_date(2i)"=>"6", "start_date(3i)"=>"25", "run_date(1i)"=>"2010", "run_date(2i)"=>"6", "run_date(3i)"=>"25", "sample_type_id"=>"7"}, "data"=>{"file"=>#<Rack::Test::UploadedFile:0x00000004bd4580 @content_type="text", @original_filename="GLBRC_CN_deepcore.csv", @tempfile=#<File:/tmp/GLBRC_CN_deepcore.csv20101011-19958-1aadpf1>>}, "commit"=>"Upload"} and HTTP headers {"HTTP_REFERER"=>"/runs/new"}
REQUESTING PAGE: GET /plots/new with {} and HTTP headers {}
REQUESTING PAGE: POST /plots/create_plots with {"utf8"=>"\xE2\x9C\x93", "study_name"=>"Junipers", "prefix"=>"J", "number_of_treatments"=>"10", "replicate_prefix"=>"S", "number_of_replicates"=>"3", "commit"=>"Submit"} and HTTP headers {"HTTP_REFERER"=>"/plots/new"}
REQUESTING PAGE: GET /plots/new with {} and HTTP headers {}
REQUESTING PAGE: POST /plots/create_plots with {"utf8"=>"\xE2\x9C\x93", "study_name"=>"Junipers", "prefix"=>"J", "number_of_treatments"=>"10", "replicate_prefix"=>"S", "number_of_replicates"=>"3", "commit"=>"Submit"} and HTTP headers {"HTTP_REFERER"=>"/plots/new"}
REQUESTING PAGE: GET /plots with {} and HTTP headers {"HTTP_REFERER"=>"/plots/create_plots"}
REQUESTING PAGE: GET /plots/1 with {} and HTTP headers {"HTTP_REFERER"=>"/plots"}
REQUESTING PAGE: GET /runs/new with {} and HTTP headers {}
REQUESTING PAGE: POST /runs with {"utf8"=>"\xE2\x9C\x93", "run"=>{"sample_date(1i)"=>"2010", "sample_date(2i)"=>"5", "sample_date(3i)"=>"4", "start_date(1i)"=>"2010", "start_date(2i)"=>"5", "start_date(3i)"=>"3", "run_date(1i)"=>"2010", "run_date(2i)"=>"5", "run_date(3i)"=>"2", "sample_type_id"=>"1"}, "data"=>{"file"=>#<Rack::Test::UploadedFile:0x000000033b4d38 @content_type="text", @original_filename="new_format_soil_samples_090415.TXT", @tempfile=#<File:/tmp/new_format_soil_samples_090415.TXT20101011-20159-9quvn6>>}, "commit"=>"Upload"} and HTTP headers {"HTTP_REFERER"=>"/runs/new"}
REQUESTING PAGE: GET /runs/new with {} and HTTP headers {}
REQUESTING PAGE: POST /runs with {"utf8"=>"\xE2\x9C\x93", "run"=>{"sample_date(1i)"=>"2010", "sample_date(2i)"=>"10", "sample_date(3i)"=>"11", "start_date(1i)"=>"2010", "start_date(2i)"=>"10", "start_date(3i)"=>"11", "run_date(1i)"=>"2010", "run_date(2i)"=>"10", "run_date(3i)"=>"11", "sample_type_id"=>"1"}, "data"=>{"file"=>""}, "commit"=>"Upload"} and HTTP headers {"HTTP_REFERER"=>"/runs/new"}
REQUESTING PAGE: GET /runs/new with {} and HTTP headers {}
REQUESTING PAGE: POST /runs with {"utf8"=>"\xE2\x9C\x93", "run"=>{"sample_date(1i)"=>"2010", "sample_date(2i)"=>"6", "sample_date(3i)"=>"25", "start_date(1i)"=>"2010", "start_date(2i)"=>"6", "start_date(3i)"=>"25", "run_date(1i)"=>"2010", "run_date(2i)"=>"6", "run_date(3i)"=>"25", "sample_type_id"=>"1"}, "data"=>{"file"=>#<Rack::Test::UploadedFile:0x0000000421a6c0 @content_type="text", @original_filename="blank.txt", @tempfile=#<File:/tmp/blank.txt20101011-20159-1uyog5k>>}, "commit"=>"Upload"} and HTTP headers {"HTTP_REFERER"=>"/runs/new"}
REQUESTING PAGE: GET /runs/new with {} and HTTP headers {}
REQUESTING PAGE: GET /runs/new with {} and HTTP headers {}
REQUESTING PAGE: POST /runs with {"utf8"=>"\xE2\x9C\x93", "run"=>{"sample_date(1i)"=>"2010", "sample_date(2i)"=>"6", "sample_date(3i)"=>"25", "start_date(1i)"=>"2010", "start_date(2i)"=>"6", "start_date(3i)"=>"25", "run_date(1i)"=>"2010", "run_date(2i)"=>"6", "run_date(3i)"=>"25", "sample_type_id"=>"2"}, "data"=>{"file"=>#<Rack::Test::UploadedFile:0x0000000594b4e8 @content_type="text", @original_filename="new_format_soil_samples_090415.TXT", @tempfile=#<File:/tmp/new_format_soil_samples_090415.TXT20101011-20159-14kc16f>>}, "commit"=>"Upload"} and HTTP headers {"HTTP_REFERER"=>"/runs/new"}
REQUESTING PAGE: GET /runs/new with {} and HTTP headers {}
REQUESTING PAGE: POST /runs with {"utf8"=>"\xE2\x9C\x93", "run"=>{"sample_date(1i)"=>"2010", "sample_date(2i)"=>"6", "sample_date(3i)"=>"25", "start_date(1i)"=>"2010", "start_date(2i)"=>"6", "start_date(3i)"=>"25", "run_date(1i)"=>"2010", "run_date(2i)"=>"6", "run_date(3i)"=>"25", "sample_type_id"=>"4"}, "data"=>{"file"=>#<Rack::Test::UploadedFile:0x000000065462e8 @content_type="text", @original_filename="GLBRC_deep_core_1106R4R5.TXT", @tempfile=#<File:/tmp/GLBRC_deep_core_1106R4R5.TXT20101011-20159-1ci8b5j>>}, "commit"=>"Upload"} and HTTP headers {"HTTP_REFERER"=>"/runs/new"}
REQUESTING PAGE: GET /runs/new with {} and HTTP headers {}
REQUESTING PAGE: POST /runs with {"utf8"=>"\xE2\x9C\x93", "run"=>{"sample_date(1i)"=>"2010", "sample_date(2i)"=>"6", "sample_date(3i)"=>"25", "start_date(1i)"=>"2010", "start_date(2i)"=>"6", "start_date(3i)"=>"25", "run_date(1i)"=>"2010", "run_date(2i)"=>"6", "run_date(3i)"=>"25", "sample_type_id"=>"5"}, "data"=>{"file"=>#<Rack::Test::UploadedFile:0x000000066de2e0 @content_type="text", @original_filename="new_format_soil_samples_090415.TXT", @tempfile=#<File:/tmp/new_format_soil_samples_090415.TXT20101011-20159-1kpa7av>>}, "commit"=>"Upload"} and HTTP headers {"HTTP_REFERER"=>"/runs/new"}
REQUESTING PAGE: GET /runs/new with {} and HTTP headers {}
REQUESTING PAGE: POST /runs with {"utf8"=>"\xE2\x9C\x93", "run"=>{"sample_date(1i)"=>"2010", "sample_date(2i)"=>"6", "sample_date(3i)"=>"25", "start_date(1i)"=>"2010", "start_date(2i)"=>"6", "start_date(3i)"=>"25", "run_date(1i)"=>"2010", "run_date(2i)"=>"6", "run_date(3i)"=>"25", "sample_type_id"=>"8"}, "data"=>{"file"=>#<Rack::Test::UploadedFile:0x00000002476470 @content_type="text", @original_filename="glbrc_soil_sample_new_format.txt", @tempfile=#<File:/tmp/glbrc_soil_sample_new_format.txt20101011-20159-13k5u51>>}, "commit"=>"Upload"} and HTTP headers {"HTTP_REFERER"=>"/runs/new"}
REQUESTING PAGE: GET /runs/new with {} and HTTP headers {}
REQUESTING PAGE: POST /runs with {"utf8"=>"\xE2\x9C\x93", "run"=>{"sample_date(1i)"=>"2010", "sample_date(2i)"=>"6", "sample_date(3i)"=>"25", "start_date(1i)"=>"2010", "start_date(2i)"=>"6", "start_date(3i)"=>"25", "run_date(1i)"=>"2010", "run_date(2i)"=>"6", "run_date(3i)"=>"25", "sample_type_id"=>"8"}, "data"=>{"file"=>#<Rack::Test::UploadedFile:0x000000033fa978 @content_type="text", @original_filename="100419L.TXT", @tempfile=#<File:/tmp/100419L.TXT20101011-20159-1uxk0zr>>}, "commit"=>"Upload"} and HTTP headers {"HTTP_REFERER"=>"/runs/new"}
REQUESTING PAGE: GET /runs/new with {} and HTTP headers {}
REQUESTING PAGE: POST /runs with {"utf8"=>"\xE2\x9C\x93", "run"=>{"sample_date(1i)"=>"2010", "sample_date(2i)"=>"6", "sample_date(3i)"=>"25", "start_date(1i)"=>"2010", "start_date(2i)"=>"6", "start_date(3i)"=>"25", "run_date(1i)"=>"2010", "run_date(2i)"=>"6", "run_date(3i)"=>"25", "sample_type_id"=>"6"}, "data"=>{"file"=>#<Rack::Test::UploadedFile:0x0000000678ed48 @content_type="text", @original_filename="DC01CFR1.csv", @tempfile=#<File:/tmp/DC01CFR1.csv20101011-20159-1ljo41v>>}, "commit"=>"Upload"} and HTTP headers {"HTTP_REFERER"=>"/runs/new"}
REQUESTING PAGE: GET /runs/new with {} and HTTP headers {}
REQUESTING PAGE: POST /runs with {"utf8"=>"\xE2\x9C\x93", "run"=>{"sample_date(1i)"=>"2010", "sample_date(2i)"=>"6", "sample_date(3i)"=>"25", "start_date(1i)"=>"2010", "start_date(2i)"=>"6", "start_date(3i)"=>"25", "run_date(1i)"=>"2010", "run_date(2i)"=>"6", "run_date(3i)"=>"25", "sample_type_id"=>"7"}, "data"=>{"file"=>#<Rack::Test::UploadedFile:0x0000000688a788 @content_type="text", @original_filename="GLBRC_CN_deepcore.csv", @tempfile=#<File:/tmp/GLBRC_CN_deepcore.csv20101011-20159-gl7tyd>>}, "commit"=>"Upload"} and HTTP headers {"HTTP_REFERER"=>"/runs/new"}
REQUESTING PAGE: GET /plots/new with {} and HTTP headers {}
REQUESTING PAGE: POST /plots/create_plots with {"utf8"=>"\xE2\x9C\x93", "study_name"=>"Junipers", "prefix"=>"J", "number_of_treatments"=>"10", "replicate_prefix"=>"S", "number_of_replicates"=>"3", "commit"=>"Submit"} and HTTP headers {"HTTP_REFERER"=>"/plots/new"}
REQUESTING PAGE: GET /plots/new with {} and HTTP headers {}
REQUESTING PAGE: POST /plots/create_plots with {"utf8"=>"\xE2\x9C\x93", "study_name"=>"Junipers", "prefix"=>"J", "number_of_treatments"=>"10", "replicate_prefix"=>"S", "number_of_replicates"=>"3", "commit"=>"Submit"} and HTTP headers {"HTTP_REFERER"=>"/plots/new"}
REQUESTING PAGE: GET /plots with {} and HTTP headers {"HTTP_REFERER"=>"/plots/create_plots"}
REQUESTING PAGE: GET /plots/1 with {} and HTTP headers {"HTTP_REFERER"=>"/plots"}
REQUESTING PAGE: GET /runs/new with {} and HTTP headers {}
REQUESTING PAGE: POST /runs with {"utf8"=>"\xE2\x9C\x93", "run"=>{"sample_date(1i)"=>"2010", "sample_date(2i)"=>"5", "sample_date(3i)"=>"4", "start_date(1i)"=>"2010", "start_date(2i)"=>"5", "start_date(3i)"=>"3", "run_date(1i)"=>"2010", "run_date(2i)"=>"5", "run_date(3i)"=>"2", "sample_type_id"=>"1"}, "data"=>{"file"=>#<Rack::Test::UploadedFile:0x00000004ced7c8 @content_type="text", @original_filename="new_format_soil_samples_090415.TXT", @tempfile=#<File:/tmp/new_format_soil_samples_090415.TXT20101011-20920-1o2v292>>}, "commit"=>"Upload"} and HTTP headers {"HTTP_REFERER"=>"/runs/new"}
REQUESTING PAGE: GET /runs/new with {} and HTTP headers {}
REQUESTING PAGE: POST /runs with {"utf8"=>"\xE2\x9C\x93", "run"=>{"sample_date(1i)"=>"2010", "sample_date(2i)"=>"10", "sample_date(3i)"=>"11", "start_date(1i)"=>"2010", "start_date(2i)"=>"10", "start_date(3i)"=>"11", "run_date(1i)"=>"2010", "run_date(2i)"=>"10", "run_date(3i)"=>"11", "sample_type_id"=>"1"}, "data"=>{"file"=>""}, "commit"=>"Upload"} and HTTP headers {"HTTP_REFERER"=>"/runs/new"}
REQUESTING PAGE: GET /runs/new with {} and HTTP headers {}
REQUESTING PAGE: POST /runs with {"utf8"=>"\xE2\x9C\x93", "run"=>{"sample_date(1i)"=>"2010", "sample_date(2i)"=>"6", "sample_date(3i)"=>"25", "start_date(1i)"=>"2010", "start_date(2i)"=>"6", "start_date(3i)"=>"25", "run_date(1i)"=>"2010", "run_date(2i)"=>"6", "run_date(3i)"=>"25", "sample_type_id"=>"1"}, "data"=>{"file"=>#<Rack::Test::UploadedFile:0x000000050100b8 @content_type="text", @original_filename="blank.txt", @tempfile=#<File:/tmp/blank.txt20101011-20920-qrycmu>>}, "commit"=>"Upload"} and HTTP headers {"HTTP_REFERER"=>"/runs/new"}
REQUESTING PAGE: GET /runs/new with {} and HTTP headers {}
REQUESTING PAGE: GET /runs/new with {} and HTTP headers {}
REQUESTING PAGE: POST /runs with {"utf8"=>"\xE2\x9C\x93", "run"=>{"sample_date(1i)"=>"2010", "sample_date(2i)"=>"6", "sample_date(3i)"=>"25", "start_date(1i)"=>"2010", "start_date(2i)"=>"6", "start_date(3i)"=>"25", "run_date(1i)"=>"2010", "run_date(2i)"=>"6", "run_date(3i)"=>"25", "sample_type_id"=>"2"}, "data"=>{"file"=>#<Rack::Test::UploadedFile:0x00000003663e80 @content_type="text", @original_filename="new_format_soil_samples_090415.TXT", @tempfile=#<File:/tmp/new_format_soil_samples_090415.TXT20101011-20920-8u1ebz>>}, "commit"=>"Upload"} and HTTP headers {"HTTP_REFERER"=>"/runs/new"}
REQUESTING PAGE: GET /runs/new with {} and HTTP headers {}
REQUESTING PAGE: POST /runs with {"utf8"=>"\xE2\x9C\x93", "run"=>{"sample_date(1i)"=>"2010", "sample_date(2i)"=>"6", "sample_date(3i)"=>"25", "start_date(1i)"=>"2010", "start_date(2i)"=>"6", "start_date(3i)"=>"25", "run_date(1i)"=>"2010", "run_date(2i)"=>"6", "run_date(3i)"=>"25", "sample_type_id"=>"4"}, "data"=>{"file"=>#<Rack::Test::UploadedFile:0x000000054d99c8 @content_type="text", @original_filename="GLBRC_deep_core_1106R4R5.TXT", @tempfile=#<File:/tmp/GLBRC_deep_core_1106R4R5.TXT20101011-20920-1q1o2d9>>}, "commit"=>"Upload"} and HTTP headers {"HTTP_REFERER"=>"/runs/new"}
REQUESTING PAGE: GET /runs/new with {} and HTTP headers {}
REQUESTING PAGE: POST /runs with {"utf8"=>"\xE2\x9C\x93", "run"=>{"sample_date(1i)"=>"2010", "sample_date(2i)"=>"6", "sample_date(3i)"=>"25", "start_date(1i)"=>"2010", "start_date(2i)"=>"6", "start_date(3i)"=>"25", "run_date(1i)"=>"2010", "run_date(2i)"=>"6", "run_date(3i)"=>"25", "sample_type_id"=>"5"}, "data"=>{"file"=>#<Rack::Test::UploadedFile:0x0000000371b3a0 @content_type="text", @original_filename="new_format_soil_samples_090415.TXT", @tempfile=#<File:/tmp/new_format_soil_samples_090415.TXT20101011-20920-1gtr0b5>>}, "commit"=>"Upload"} and HTTP headers {"HTTP_REFERER"=>"/runs/new"}
REQUESTING PAGE: GET /runs/new with {} and HTTP headers {}
REQUESTING PAGE: POST /runs with {"utf8"=>"\xE2\x9C\x93", "run"=>{"sample_date(1i)"=>"2010", "sample_date(2i)"=>"6", "sample_date(3i)"=>"25", "start_date(1i)"=>"2010", "start_date(2i)"=>"6", "start_date(3i)"=>"25", "run_date(1i)"=>"2010", "run_date(2i)"=>"6", "run_date(3i)"=>"25", "sample_type_id"=>"8"}, "data"=>{"file"=>#<Rack::Test::UploadedFile:0x0000000504dbe8 @content_type="text", @original_filename="glbrc_soil_sample_new_format.txt", @tempfile=#<File:/tmp/glbrc_soil_sample_new_format.txt20101011-20920-ug9942>>}, "commit"=>"Upload"} and HTTP headers {"HTTP_REFERER"=>"/runs/new"}
REQUESTING PAGE: GET /runs/new with {} and HTTP headers {}
REQUESTING PAGE: POST /runs with {"utf8"=>"\xE2\x9C\x93", "run"=>{"sample_date(1i)"=>"2010", "sample_date(2i)"=>"6", "sample_date(3i)"=>"25", "start_date(1i)"=>"2010", "start_date(2i)"=>"6", "start_date(3i)"=>"25", "run_date(1i)"=>"2010", "run_date(2i)"=>"6", "run_date(3i)"=>"25", "sample_type_id"=>"8"}, "data"=>{"file"=>#<Rack::Test::UploadedFile:0x0000000562cff0 @content_type="text", @original_filename="100419L.TXT", @tempfile=#<File:/tmp/100419L.TXT20101011-20920-dpq88y>>}, "commit"=>"Upload"} and HTTP headers {"HTTP_REFERER"=>"/runs/new"}
REQUESTING PAGE: GET /runs/new with {} and HTTP headers {}
REQUESTING PAGE: POST /runs with {"utf8"=>"\xE2\x9C\x93", "run"=>{"sample_date(1i)"=>"2010", "sample_date(2i)"=>"6", "sample_date(3i)"=>"25", "start_date(1i)"=>"2010", "start_date(2i)"=>"6", "start_date(3i)"=>"25", "run_date(1i)"=>"2010", "run_date(2i)"=>"6", "run_date(3i)"=>"25", "sample_type_id"=>"6"}, "data"=>{"file"=>#<Rack::Test::UploadedFile:0x00000004beb8c0 @content_type="text", @original_filename="DC01CFR1.csv", @tempfile=#<File:/tmp/DC01CFR1.csv20101011-20920-k64h08>>}, "commit"=>"Upload"} and HTTP headers {"HTTP_REFERER"=>"/runs/new"}
REQUESTING PAGE: GET /runs/new with {} and HTTP headers {}
REQUESTING PAGE: POST /runs with {"utf8"=>"\xE2\x9C\x93", "run"=>{"sample_date(1i)"=>"2010", "sample_date(2i)"=>"6", "sample_date(3i)"=>"25", "start_date(1i)"=>"2010", "start_date(2i)"=>"6", "start_date(3i)"=>"25", "run_date(1i)"=>"2010", "run_date(2i)"=>"6", "run_date(3i)"=>"25", "sample_type_id"=>"7"}, "data"=>{"file"=>#<Rack::Test::UploadedFile:0x00000004db4198 @content_type="text", @original_filename="GLBRC_CN_deepcore.csv", @tempfile=#<File:/tmp/GLBRC_CN_deepcore.csv20101011-20920-l337o5>>}, "commit"=>"Upload"} and HTTP headers {"HTTP_REFERER"=>"/runs/new"}
REQUESTING PAGE: GET /plots/new with {} and HTTP headers {}
REQUESTING PAGE: POST /plots/create_plots with {"utf8"=>"\xE2\x9C\x93", "study_name"=>"Junipers", "prefix"=>"J", "number_of_treatments"=>"10", "replicate_prefix"=>"S", "number_of_replicates"=>"3", "commit"=>"Submit"} and HTTP headers {"HTTP_REFERER"=>"/plots/new"}
REQUESTING PAGE: GET /plots/new with {} and HTTP headers {}
REQUESTING PAGE: POST /plots/create_plots with {"utf8"=>"\xE2\x9C\x93", "study_name"=>"Junipers", "prefix"=>"J", "number_of_treatments"=>"10", "replicate_prefix"=>"S", "number_of_replicates"=>"3", "commit"=>"Submit"} and HTTP headers {"HTTP_REFERER"=>"/plots/new"}
REQUESTING PAGE: GET /plots with {} and HTTP headers {"HTTP_REFERER"=>"/plots/create_plots"}
REQUESTING PAGE: GET /plots/1 with {} and HTTP headers {"HTTP_REFERER"=>"/plots"}
REQUESTING PAGE: GET /runs/new with {} and HTTP headers {}
REQUESTING PAGE: POST /runs with {"utf8"=>"\xE2\x9C\x93", "run"=>{"sample_date(1i)"=>"2010", "sample_date(2i)"=>"5", "sample_date(3i)"=>"4", "start_date(1i)"=>"2010", "start_date(2i)"=>"5", "start_date(3i)"=>"3", "run_date(1i)"=>"2010", "run_date(2i)"=>"5", "run_date(3i)"=>"2", "sample_type_id"=>"1"}, "data"=>{"file"=>#<Rack::Test::UploadedFile:0x000000051cb0d8 @content_type="text", @original_filename="new_format_soil_samples_090415.TXT", @tempfile=#<File:/tmp/new_format_soil_samples_090415.TXT20101011-21039-z7jstd>>}, "commit"=>"Upload"} and HTTP headers {"HTTP_REFERER"=>"/runs/new"}
REQUESTING PAGE: GET /runs/new with {} and HTTP headers {}
REQUESTING PAGE: POST /runs with {"utf8"=>"\xE2\x9C\x93", "run"=>{"sample_date(1i)"=>"2010", "sample_date(2i)"=>"10", "sample_date(3i)"=>"11", "start_date(1i)"=>"2010", "start_date(2i)"=>"10", "start_date(3i)"=>"11", "run_date(1i)"=>"2010", "run_date(2i)"=>"10", "run_date(3i)"=>"11", "sample_type_id"=>"1"}, "data"=>{"file"=>""}, "commit"=>"Upload"} and HTTP headers {"HTTP_REFERER"=>"/runs/new"}
REQUESTING PAGE: GET /runs/new with {} and HTTP headers {}
REQUESTING PAGE: POST /runs with {"utf8"=>"\xE2\x9C\x93", "run"=>{"sample_date(1i)"=>"2010", "sample_date(2i)"=>"6", "sample_date(3i)"=>"25", "start_date(1i)"=>"2010", "start_date(2i)"=>"6", "start_date(3i)"=>"25", "run_date(1i)"=>"2010", "run_date(2i)"=>"6", "run_date(3i)"=>"25", "sample_type_id"=>"1"}, "data"=>{"file"=>#<Rack::Test::UploadedFile:0x00000004570860 @content_type="text", @original_filename="blank.txt", @tempfile=#<File:/tmp/blank.txt20101011-21039-1v3x6rc>>}, "commit"=>"Upload"} and HTTP headers {"HTTP_REFERER"=>"/runs/new"}
REQUESTING PAGE: GET /runs/new with {} and HTTP headers {}
REQUESTING PAGE: GET /runs/new with {} and HTTP headers {}
REQUESTING PAGE: POST /runs with {"utf8"=>"\xE2\x9C\x93", "run"=>{"sample_date(1i)"=>"2010", "sample_date(2i)"=>"6", "sample_date(3i)"=>"25", "start_date(1i)"=>"2010", "start_date(2i)"=>"6", "start_date(3i)"=>"25", "run_date(1i)"=>"2010", "run_date(2i)"=>"6", "run_date(3i)"=>"25", "sample_type_id"=>"2"}, "data"=>{"file"=>#<Rack::Test::UploadedFile:0x00000003aaa520 @content_type="text", @original_filename="new_format_soil_samples_090415.TXT", @tempfile=#<File:/tmp/new_format_soil_samples_090415.TXT20101011-21039-10jh0b4>>}, "commit"=>"Upload"} and HTTP headers {"HTTP_REFERER"=>"/runs/new"}
REQUESTING PAGE: GET /runs/new with {} and HTTP headers {}
REQUESTING PAGE: POST /runs with {"utf8"=>"\xE2\x9C\x93", "run"=>{"sample_date(1i)"=>"2010", "sample_date(2i)"=>"6", "sample_date(3i)"=>"25", "start_date(1i)"=>"2010", "start_date(2i)"=>"6", "start_date(3i)"=>"25", "run_date(1i)"=>"2010", "run_date(2i)"=>"6", "run_date(3i)"=>"25", "sample_type_id"=>"4"}, "data"=>{"file"=>#<Rack::Test::UploadedFile:0x000000059f42c8 @content_type="text", @original_filename="GLBRC_deep_core_1106R4R5.TXT", @tempfile=#<File:/tmp/GLBRC_deep_core_1106R4R5.TXT20101011-21039-ui8rm4>>}, "commit"=>"Upload"} and HTTP headers {"HTTP_REFERER"=>"/runs/new"}
REQUESTING PAGE: GET /runs/new with {} and HTTP headers {}
REQUESTING PAGE: POST /runs with {"utf8"=>"\xE2\x9C\x93", "run"=>{"sample_date(1i)"=>"2010", "sample_date(2i)"=>"6", "sample_date(3i)"=>"25", "start_date(1i)"=>"2010", "start_date(2i)"=>"6", "start_date(3i)"=>"25", "run_date(1i)"=>"2010", "run_date(2i)"=>"6", "run_date(3i)"=>"25", "sample_type_id"=>"5"}, "data"=>{"file"=>#<Rack::Test::UploadedFile:0x00000003e3af00 @content_type="text", @original_filename="new_format_soil_samples_090415.TXT", @tempfile=#<File:/tmp/new_format_soil_samples_090415.TXT20101011-21039-1rfemug>>}, "commit"=>"Upload"} and HTTP headers {"HTTP_REFERER"=>"/runs/new"}
REQUESTING PAGE: GET /runs/new with {} and HTTP headers {}
REQUESTING PAGE: POST /runs with {"utf8"=>"\xE2\x9C\x93", "run"=>{"sample_date(1i)"=>"2010", "sample_date(2i)"=>"6", "sample_date(3i)"=>"25", "start_date(1i)"=>"2010", "start_date(2i)"=>"6", "start_date(3i)"=>"25", "run_date(1i)"=>"2010", "run_date(2i)"=>"6", "run_date(3i)"=>"25", "sample_type_id"=>"8"}, "data"=>{"file"=>#<Rack::Test::UploadedFile:0x00000005b54f50 @content_type="text", @original_filename="glbrc_soil_sample_new_format.txt", @tempfile=#<File:/tmp/glbrc_soil_sample_new_format.txt20101011-21039-jtpjpt>>}, "commit"=>"Upload"} and HTTP headers {"HTTP_REFERER"=>"/runs/new"}
REQUESTING PAGE: GET /runs/new with {} and HTTP headers {}
REQUESTING PAGE: POST /runs with {"utf8"=>"\xE2\x9C\x93", "run"=>{"sample_date(1i)"=>"2010", "sample_date(2i)"=>"6", "sample_date(3i)"=>"25", "start_date(1i)"=>"2010", "start_date(2i)"=>"6", "start_date(3i)"=>"25", "run_date(1i)"=>"2010", "run_date(2i)"=>"6", "run_date(3i)"=>"25", "sample_type_id"=>"8"}, "data"=>{"file"=>#<Rack::Test::UploadedFile:0x00000005c5eb08 @content_type="text", @original_filename="100419L.TXT", @tempfile=#<File:/tmp/100419L.TXT20101011-21039-1ouy024>>}, "commit"=>"Upload"} and HTTP headers {"HTTP_REFERER"=>"/runs/new"}
REQUESTING PAGE: GET /runs/new with {} and HTTP headers {}
REQUESTING PAGE: POST /runs with {"utf8"=>"\xE2\x9C\x93", "run"=>{"sample_date(1i)"=>"2010", "sample_date(2i)"=>"6", "sample_date(3i)"=>"25", "start_date(1i)"=>"2010", "start_date(2i)"=>"6", "start_date(3i)"=>"25", "run_date(1i)"=>"2010", "run_date(2i)"=>"6", "run_date(3i)"=>"25", "sample_type_id"=>"6"}, "data"=>{"file"=>#<Rack::Test::UploadedFile:0x0000000534da00 @content_type="text", @original_filename="DC01CFR1.csv", @tempfile=#<File:/tmp/DC01CFR1.csv20101011-21039-dzdmb2>>}, "commit"=>"Upload"} and HTTP headers {"HTTP_REFERER"=>"/runs/new"}
REQUESTING PAGE: GET /runs/new with {} and HTTP headers {}
REQUESTING PAGE: POST /runs with {"utf8"=>"\xE2\x9C\x93", "run"=>{"sample_date(1i)"=>"2010", "sample_date(2i)"=>"6", "sample_date(3i)"=>"25", "start_date(1i)"=>"2010", "start_date(2i)"=>"6", "start_date(3i)"=>"25", "run_date(1i)"=>"2010", "run_date(2i)"=>"6", "run_date(3i)"=>"25", "sample_type_id"=>"7"}, "data"=>{"file"=>#<Rack::Test::UploadedFile:0x000000055e1d98 @content_type="text", @original_filename="GLBRC_CN_deepcore.csv", @tempfile=#<File:/tmp/GLBRC_CN_deepcore.csv20101011-21039-2n6c8s>>}, "commit"=>"Upload"} and HTTP headers {"HTTP_REFERER"=>"/runs/new"}
REQUESTING PAGE: GET /plots/new with {} and HTTP headers {}
REQUESTING PAGE: POST /plots/create_plots with {"utf8"=>"\xE2\x9C\x93", "study_name"=>"Junipers", "prefix"=>"J", "number_of_treatments"=>"10", "replicate_prefix"=>"S", "number_of_replicates"=>"3", "commit"=>"Submit"} and HTTP headers {"HTTP_REFERER"=>"/plots/new"}
REQUESTING PAGE: GET /plots/new with {} and HTTP headers {}
REQUESTING PAGE: POST /plots/create_plots with {"utf8"=>"\xE2\x9C\x93", "study_name"=>"Junipers", "prefix"=>"J", "number_of_treatments"=>"10", "replicate_prefix"=>"S", "number_of_replicates"=>"3", "commit"=>"Submit"} and HTTP headers {"HTTP_REFERER"=>"/plots/new"}
REQUESTING PAGE: GET /plots with {} and HTTP headers {"HTTP_REFERER"=>"/plots/create_plots"}
REQUESTING PAGE: GET /plots/1 with {} and HTTP headers {"HTTP_REFERER"=>"/plots"}
